<?xml version="1.0" encoding="UTF-8"?>
<!-- Generated by org.testng.reporters.JUnitReportReporter -->
<testsuite hostname="DESKTOP-A0UU002" failures="0" tests="6" name="testCases.TC003_LoginDDT" time="28.197" errors="0" timestamp="2024-09-02T01:12:20 IST" skipped="0">
  <testcase classname="testCases.TC003_LoginDDT" name="verify_LoginDDT" time="10.842"/>
  <testcase classname="testCases.TC003_LoginDDT" name="verify_LoginDDT" time="1.592"/>
  <testcase classname="testCases.TC003_LoginDDT" name="verify_LoginDDT" time="1.375"/>
  <testcase classname="testCases.TC003_LoginDDT" name="verify_LoginDDT" time="11.239"/>
  <testcase classname="testCases.TC003_LoginDDT" name="verify_LoginDDT" time="1.595"/>
  <testcase classname="testCases.TC003_LoginDDT" name="verify_LoginDDT" time="1.554"/>
</testsuite> <!-- testCases.TC003_LoginDDT -->
