<?xml version="1.0" encoding="UTF-8"?>
<!-- Generated by org.testng.reporters.JUnitReportReporter -->
<testsuite hostname="DESKTOP-A0UU002" failures="0" tests="2" name="testCases.TC002_LoginTest" time="4.727" errors="0" timestamp="2024-09-08T11:34:12 IST" skipped="0">
  <testcase classname="testCases.TC002_LoginTest" name="verify_Login" time="2.542"/>
  <testcase classname="testCases.TC002_LoginTest" name="verify_Login" time="2.185"/>
</testsuite> <!-- testCases.TC002_LoginTest -->
