<?xml version="1.0" encoding="UTF-8"?>
<!-- Generated by org.testng.reporters.JUnitReportReporter -->
<testsuite hostname="DESKTOP-A0UU002" failures="0" tests="2" name="testCases.TC001_AccountRegistrationTest" time="8.874" errors="0" timestamp="2024-09-08T11:34:12 IST" skipped="0">
  <testcase classname="testCases.TC001_AccountRegistrationTest" name="verify_account_registration" time="3.952"/>
  <testcase classname="testCases.TC001_AccountRegistrationTest" name="verify_account_registration" time="4.922"/>
</testsuite> <!-- testCases.TC001_AccountRegistrationTest -->
