<?xml version="1.0" encoding="UTF-8"?>
<!-- Generated by org.testng.reporters.JUnitReportReporter -->
<testsuite hostname="DESKTOP-A0UU002" failures="0" tests="1" name="testCases.TC001_AccountRegistrationTest" time="2.225" errors="0" timestamp="2024-09-08T15:16:43 IST" skipped="0">
  <testcase classname="testCases.TC001_AccountRegistrationTest" name="verify_account_registration" time="2.225"/>
</testsuite> <!-- testCases.TC001_AccountRegistrationTest -->
